  [1m[35m (0.1ms)[0m  [1m[34mSELECT sqlite_version(*)[0m
  ↳ bin/rails:4
  [1m[35m (42.5ms)[0m  [1m[35mCREATE TABLE "schema_migrations" ("version" varchar NOT NULL PRIMARY KEY)[0m
  ↳ bin/rails:4
  [1m[35m (11.2ms)[0m  [1m[35mCREATE TABLE "ar_internal_metadata" ("key" varchar NOT NULL PRIMARY KEY, "value" varchar, "created_at" datetime NOT NULL, "updated_at" datetime NOT NULL)[0m
  ↳ bin/rails:4
  [1m[35m (0.1ms)[0m  [1m[34mSELECT "schema_migrations"."version" FROM "schema_migrations" ORDER BY "schema_migrations"."version" ASC[0m
  ↳ bin/rails:4
Migrating to CreateParts (20191020215752)
  [1m[35m (0.1ms)[0m  [1m[36mbegin transaction[0m
  ↳ bin/rails:4
  [1m[35m (0.9ms)[0m  [1m[35mCREATE TABLE "parts" ("id" integer PRIMARY KEY AUTOINCREMENT NOT NULL, "name" varchar, "created_at" datetime NOT NULL, "updated_at" datetime NOT NULL)[0m
  ↳ db/migrate/20191020215752_create_parts.rb:3
  [1m[36mActiveRecord::SchemaMigration Create (0.1ms)[0m  [1m[32mINSERT INTO "schema_migrations" ("version") VALUES (?)[0m  [["version", "20191020215752"]]
  ↳ bin/rails:4
  [1m[35m (10.4ms)[0m  [1m[36mcommit transaction[0m
  ↳ bin/rails:4
Migrating to CreateMakes (20191020215824)
  [1m[35m (0.0ms)[0m  [1m[36mbegin transaction[0m
  ↳ bin/rails:4
  [1m[35m (1.5ms)[0m  [1m[35mCREATE TABLE "makes" ("id" integer PRIMARY KEY AUTOINCREMENT NOT NULL, "name" varchar, "country" varchar, "created_at" datetime NOT NULL, "updated_at" datetime NOT NULL)[0m
  ↳ db/migrate/20191020215824_create_makes.rb:3
  [1m[36mActiveRecord::SchemaMigration Create (0.1ms)[0m  [1m[32mINSERT INTO "schema_migrations" ("version") VALUES (?)[0m  [["version", "20191020215824"]]
  ↳ bin/rails:4
  [1m[35m (9.2ms)[0m  [1m[36mcommit transaction[0m
  ↳ bin/rails:4
Migrating to CreateCars (20191020215900)
  [1m[35m (0.1ms)[0m  [1m[36mbegin transaction[0m
  ↳ bin/rails:4
  [1m[35m (0.8ms)[0m  [1m[35mCREATE TABLE "cars" ("id" integer PRIMARY KEY AUTOINCREMENT NOT NULL, "makes" varchar, "model" varchar, "VIN" varchar, "created_at" datetime NOT NULL, "updated_at" datetime NOT NULL)[0m
  ↳ db/migrate/20191020215900_create_cars.rb:3
  [1m[36mActiveRecord::SchemaMigration Create (0.1ms)[0m  [1m[32mINSERT INTO "schema_migrations" ("version") VALUES (?)[0m  [["version", "20191020215900"]]
  ↳ bin/rails:4
  [1m[35m (8.9ms)[0m  [1m[36mcommit transaction[0m
  ↳ bin/rails:4
Migrating to CreateCarParts (20191020215932)
  [1m[35m (0.1ms)[0m  [1m[36mbegin transaction[0m
  ↳ bin/rails:4
  [1m[35m (1.0ms)[0m  [1m[35mCREATE TABLE "car_parts" ("id" integer PRIMARY KEY AUTOINCREMENT NOT NULL, "cars_id" integer, "parts_id" integer, "created_at" datetime NOT NULL, "updated_at" datetime NOT NULL, CONSTRAINT "fk_rails_379b443aed"
FOREIGN KEY ("cars_id")
  REFERENCES "cars" ("id")
, CONSTRAINT "fk_rails_6748761762"
FOREIGN KEY ("parts_id")
  REFERENCES "parts" ("id")
)[0m
  ↳ db/migrate/20191020215932_create_car_parts.rb:3
  [1m[35m (0.1ms)[0m  [1m[35mCREATE  INDEX "index_car_parts_on_cars_id" ON "car_parts" ("cars_id")[0m
  ↳ db/migrate/20191020215932_create_car_parts.rb:3
  [1m[35m (0.1ms)[0m  [1m[35mCREATE  INDEX "index_car_parts_on_parts_id" ON "car_parts" ("parts_id")[0m
  ↳ db/migrate/20191020215932_create_car_parts.rb:3
  [1m[36mActiveRecord::SchemaMigration Create (0.1ms)[0m  [1m[32mINSERT INTO "schema_migrations" ("version") VALUES (?)[0m  [["version", "20191020215932"]]
  ↳ bin/rails:4
  [1m[35m (9.8ms)[0m  [1m[36mcommit transaction[0m
  ↳ bin/rails:4
  [1m[36mActiveRecord::InternalMetadata Load (0.2ms)[0m  [1m[34mSELECT  "ar_internal_metadata".* FROM "ar_internal_metadata" WHERE "ar_internal_metadata"."key" = ? LIMIT ?[0m  [["key", "environment"], ["LIMIT", 1]]
  ↳ bin/rails:4
  [1m[35m (0.0ms)[0m  [1m[36mbegin transaction[0m
  ↳ bin/rails:4
  [1m[36mActiveRecord::InternalMetadata Create (1.0ms)[0m  [1m[32mINSERT INTO "ar_internal_metadata" ("key", "value", "created_at", "updated_at") VALUES (?, ?, ?, ?)[0m  [["key", "environment"], ["value", "development"], ["created_at", "2019-10-20 21:59:43.774732"], ["updated_at", "2019-10-20 21:59:43.774732"]]
  ↳ bin/rails:4
  [1m[35m (10.3ms)[0m  [1m[36mcommit transaction[0m
  ↳ bin/rails:4
  [1m[35m (0.1ms)[0m  [1m[34mSELECT "schema_migrations"."version" FROM "schema_migrations" ORDER BY "schema_migrations"."version" ASC[0m
  ↳ bin/rails:4
Started GET "/" for ::1 at 2019-10-20 16:24:15 -0600
  [1m[35m (0.4ms)[0m  [1m[34mSELECT "schema_migrations"."version" FROM "schema_migrations" ORDER BY "schema_migrations"."version" ASC[0m
  ↳ C:/Ruby24-x64/lib/ruby/gems/2.4.0/gems/activerecord-5.2.3/lib/active_record/log_subscriber.rb:98
Processing by CarsController#index as HTML
  Rendering cars/index.html.erb within layouts/application
  [1m[36mCar Load (0.2ms)[0m  [1m[34mSELECT "cars".* FROM "cars"[0m
  ↳ app/views/cars/index.html.erb:16
  Rendered cars/index.html.erb within layouts/application (5.7ms)
Completed 200 OK in 971ms (Views: 908.5ms | ActiveRecord: 0.5ms)


Started GET "/cars/new" for ::1 at 2019-10-20 16:24:20 -0600
Processing by CarsController#new as HTML
  Rendering cars/new.html.erb within layouts/application
  Rendered cars/_form.html.erb (86.1ms)
  Rendered cars/new.html.erb within layouts/application (105.4ms)
Completed 200 OK in 251ms (Views: 225.1ms | ActiveRecord: 0.6ms)


Started POST "/cars" for ::1 at 2019-10-20 16:24:33 -0600
Processing by CarsController#create as HTML
  Parameters: {"utf8"=>"✓", "authenticity_token"=>"NQ72Ds7iMiOXhD/ss8AufsgRRLhw1AfcGyNrRkFKB8cVi3YJd02kCn5jZkqIfMwIOF6lpW/3oJ/CDBdvk/NiMw==", "car"=>{"makes"=>"Honda", "model"=>"Civic", "VIN"=>"abc123"}, "commit"=>"Create Car"}
  [1m[35m (0.1ms)[0m  [1m[36mbegin transaction[0m
  ↳ app/controllers/cars_controller.rb:32
  [1m[35m (0.1ms)[0m  [1m[31mrollback transaction[0m
  ↳ app/controllers/cars_controller.rb:32
  Rendering cars/new.html.erb within layouts/application
  Rendered cars/_form.html.erb (2.1ms)
  Rendered cars/new.html.erb within layouts/application (19.7ms)
Completed 200 OK in 172ms (Views: 119.3ms | ActiveRecord: 0.1ms)


Started GET "/" for 127.0.0.1 at 2019-11-26 16:37:40 -0700
  [1m[35m (0.5ms)[0m  [1m[34mSELECT "schema_migrations"."version" FROM "schema_migrations" ORDER BY "schema_migrations"."version" ASC[0m
  ↳ C:/Ruby24-x64/lib/ruby/gems/2.4.0/gems/activerecord-5.2.3/lib/active_record/log_subscriber.rb:98
Processing by CarsController#index as HTML
  Rendering cars/index.html.erb within layouts/application
  [1m[36mCar Load (0.3ms)[0m  [1m[34mSELECT "cars".* FROM "cars"[0m
  ↳ app/views/cars/index.html.erb:16
  Rendered cars/index.html.erb within layouts/application (9.7ms)
Completed 200 OK in 629ms (Views: 553.4ms | ActiveRecord: 0.7ms)


Started GET "/cars/new" for 127.0.0.1 at 2019-11-26 16:37:56 -0700
Processing by CarsController#new as HTML
  Rendering cars/new.html.erb within layouts/application
  Rendered cars/_form.html.erb (104.3ms)
  Rendered cars/new.html.erb within layouts/application (128.0ms)
Completed 200 OK in 304ms (Views: 264.1ms | ActiveRecord: 1.5ms)


Started POST "/cars" for 127.0.0.1 at 2019-11-26 16:38:05 -0700
Processing by CarsController#create as HTML
  Parameters: {"utf8"=>"✓", "authenticity_token"=>"tXzuIYnBfMNnvLft/sjxhp5Xs5sfaBNtzVLVaZq0TnPLQE1ha3oJxSva75LayHzC5gfb5OWWdv7ogQvqQaJ9qg==", "car"=>{"makes"=>"Honda", "model"=>"Civic", "VIN"=>"12345"}, "commit"=>"Create Car"}
  [1m[35m (0.1ms)[0m  [1m[36mbegin transaction[0m
  ↳ app/controllers/cars_controller.rb:32
  [1m[35m (0.1ms)[0m  [1m[31mrollback transaction[0m
  ↳ app/controllers/cars_controller.rb:32
  Rendering cars/new.html.erb within layouts/application
  Rendered cars/_form.html.erb (2.4ms)
  Rendered cars/new.html.erb within layouts/application (23.3ms)
Completed 200 OK in 189ms (Views: 142.0ms | ActiveRecord: 0.2ms)


Started GET "/makes" for 127.0.0.1 at 2019-11-26 16:38:14 -0700
Processing by MakesController#index as HTML
  Rendering makes/index.html.erb within layouts/application
  [1m[36mMake Load (0.3ms)[0m  [1m[34mSELECT "makes".* FROM "makes"[0m
  ↳ app/views/makes/index.html.erb:15
  Rendered makes/index.html.erb within layouts/application (4.2ms)
Completed 200 OK in 159ms (Views: 131.6ms | ActiveRecord: 0.7ms)


Started GET "/makes/new" for 127.0.0.1 at 2019-11-26 16:38:16 -0700
Processing by MakesController#new as HTML
  Rendering makes/new.html.erb within layouts/application
  Rendered makes/_form.html.erb (1.8ms)
  Rendered makes/new.html.erb within layouts/application (18.2ms)
Completed 200 OK in 120ms (Views: 97.2ms | ActiveRecord: 0.5ms)


Started POST "/makes" for 127.0.0.1 at 2019-11-26 16:38:24 -0700
Processing by MakesController#create as HTML
  Parameters: {"utf8"=>"✓", "authenticity_token"=>"+xsTJztXpEGWsnDrfxkZYy06y3Yk6VzZptpAW33NcSAVMz9wXbqn3eodkO21Zvtt0COCbozNs98aAPDK1cqInQ==", "make"=>{"name"=>"Honda", "country"=>"Japan"}, "commit"=>"Create Make"}
  [1m[35m (0.1ms)[0m  [1m[36mbegin transaction[0m
  ↳ app/controllers/makes_controller.rb:30
  [1m[36mMake Create (1.8ms)[0m  [1m[32mINSERT INTO "makes" ("name", "country", "created_at", "updated_at") VALUES (?, ?, ?, ?)[0m  [["name", "Honda"], ["country", "Japan"], ["created_at", "2019-11-26 23:38:24.614019"], ["updated_at", "2019-11-26 23:38:24.614019"]]
  ↳ app/controllers/makes_controller.rb:30
  [1m[35m (11.0ms)[0m  [1m[36mcommit transaction[0m
  ↳ app/controllers/makes_controller.rb:30
Redirected to http://localhost:3000/makes/1
Completed 302 Found in 23ms (ActiveRecord: 12.9ms)


Started GET "/makes/1" for 127.0.0.1 at 2019-11-26 16:38:24 -0700
Processing by MakesController#show as HTML
  Parameters: {"id"=>"1"}
  [1m[36mMake Load (0.4ms)[0m  [1m[34mSELECT  "makes".* FROM "makes" WHERE "makes"."id" = ? LIMIT ?[0m  [["id", 1], ["LIMIT", 1]]
  ↳ app/controllers/makes_controller.rb:67
  Rendering makes/show.html.erb within layouts/application
  Rendered makes/show.html.erb within layouts/application (1.5ms)
Completed 200 OK in 187ms (Views: 135.6ms | ActiveRecord: 0.4ms)


Started GET "/model" for 127.0.0.1 at 2019-11-26 16:38:30 -0700
  
ActionController::RoutingError (No route matches [GET] "/model"):
  
actionpack (5.2.3) lib/action_dispatch/middleware/debug_exceptions.rb:65:in `call'
web-console (3.7.0) lib/web_console/middleware.rb:135:in `call_app'
web-console (3.7.0) lib/web_console/middleware.rb:30:in `block in call'
web-console (3.7.0) lib/web_console/middleware.rb:20:in `catch'
web-console (3.7.0) lib/web_console/middleware.rb:20:in `call'
actionpack (5.2.3) lib/action_dispatch/middleware/show_exceptions.rb:33:in `call'
railties (5.2.3) lib/rails/rack/logger.rb:38:in `call_app'
railties (5.2.3) lib/rails/rack/logger.rb:26:in `block in call'
activesupport (5.2.3) lib/active_support/tagged_logging.rb:71:in `block in tagged'
activesupport (5.2.3) lib/active_support/tagged_logging.rb:28:in `tagged'
activesupport (5.2.3) lib/active_support/tagged_logging.rb:71:in `tagged'
railties (5.2.3) lib/rails/rack/logger.rb:26:in `call'
sprockets-rails (3.2.1) lib/sprockets/rails/quiet_assets.rb:13:in `call'
actionpack (5.2.3) lib/action_dispatch/middleware/remote_ip.rb:81:in `call'
actionpack (5.2.3) lib/action_dispatch/middleware/request_id.rb:27:in `call'
rack (2.0.7) lib/rack/method_override.rb:22:in `call'
rack (2.0.7) lib/rack/runtime.rb:22:in `call'
activesupport (5.2.3) lib/active_support/cache/strategy/local_cache_middleware.rb:29:in `call'
actionpack (5.2.3) lib/action_dispatch/middleware/executor.rb:14:in `call'
actionpack (5.2.3) lib/action_dispatch/middleware/static.rb:127:in `call'
rack (2.0.7) lib/rack/sendfile.rb:111:in `call'
railties (5.2.3) lib/rails/engine.rb:524:in `call'
puma (3.12.1) lib/puma/configuration.rb:227:in `call'
puma (3.12.1) lib/puma/server.rb:660:in `handle_request'
puma (3.12.1) lib/puma/server.rb:474:in `process_client'
puma (3.12.1) lib/puma/server.rb:334:in `block in run'
puma (3.12.1) lib/puma/thread_pool.rb:135:in `block in spawn_thread'
Started GET "/models" for 127.0.0.1 at 2019-11-26 16:38:38 -0700
  
ActionController::RoutingError (No route matches [GET] "/models"):
  
actionpack (5.2.3) lib/action_dispatch/middleware/debug_exceptions.rb:65:in `call'
web-console (3.7.0) lib/web_console/middleware.rb:135:in `call_app'
web-console (3.7.0) lib/web_console/middleware.rb:30:in `block in call'
web-console (3.7.0) lib/web_console/middleware.rb:20:in `catch'
web-console (3.7.0) lib/web_console/middleware.rb:20:in `call'
actionpack (5.2.3) lib/action_dispatch/middleware/show_exceptions.rb:33:in `call'
railties (5.2.3) lib/rails/rack/logger.rb:38:in `call_app'
railties (5.2.3) lib/rails/rack/logger.rb:26:in `block in call'
activesupport (5.2.3) lib/active_support/tagged_logging.rb:71:in `block in tagged'
activesupport (5.2.3) lib/active_support/tagged_logging.rb:28:in `tagged'
activesupport (5.2.3) lib/active_support/tagged_logging.rb:71:in `tagged'
railties (5.2.3) lib/rails/rack/logger.rb:26:in `call'
sprockets-rails (3.2.1) lib/sprockets/rails/quiet_assets.rb:13:in `call'
actionpack (5.2.3) lib/action_dispatch/middleware/remote_ip.rb:81:in `call'
actionpack (5.2.3) lib/action_dispatch/middleware/request_id.rb:27:in `call'
rack (2.0.7) lib/rack/method_override.rb:22:in `call'
rack (2.0.7) lib/rack/runtime.rb:22:in `call'
activesupport (5.2.3) lib/active_support/cache/strategy/local_cache_middleware.rb:29:in `call'
actionpack (5.2.3) lib/action_dispatch/middleware/executor.rb:14:in `call'
actionpack (5.2.3) lib/action_dispatch/middleware/static.rb:127:in `call'
rack (2.0.7) lib/rack/sendfile.rb:111:in `call'
railties (5.2.3) lib/rails/engine.rb:524:in `call'
puma (3.12.1) lib/puma/configuration.rb:227:in `call'
puma (3.12.1) lib/puma/server.rb:660:in `handle_request'
puma (3.12.1) lib/puma/server.rb:474:in `process_client'
puma (3.12.1) lib/puma/server.rb:334:in `block in run'
puma (3.12.1) lib/puma/thread_pool.rb:135:in `block in spawn_thread'
Started GET "/parts" for 127.0.0.1 at 2019-11-26 16:38:49 -0700
Processing by PartsController#index as HTML
  Rendering parts/index.html.erb within layouts/application
  [1m[36mPart Load (0.3ms)[0m  [1m[34mSELECT "parts".* FROM "parts"[0m
  ↳ app/views/parts/index.html.erb:14
  Rendered parts/index.html.erb within layouts/application (3.7ms)
Completed 200 OK in 130ms (Views: 106.6ms | ActiveRecord: 0.7ms)


Started GET "/parts/new" for 127.0.0.1 at 2019-11-26 16:38:50 -0700
Processing by PartsController#new as HTML
  Rendering parts/new.html.erb within layouts/application
  Rendered parts/_form.html.erb (1.8ms)
  Rendered parts/new.html.erb within layouts/application (18.8ms)
Completed 200 OK in 147ms (Views: 121.0ms | ActiveRecord: 0.5ms)


Started POST "/parts" for 127.0.0.1 at 2019-11-26 16:38:53 -0700
Processing by PartsController#create as HTML
  Parameters: {"utf8"=>"✓", "authenticity_token"=>"UWY+ODfa2BXGCA/2UQXhVr3M2SAlqlFVxF3cIyHd/uAIe264ptODRkiySkBgGKzicJl7NBJ/b+ZGfuXN5H969w==", "part"=>{"name"=>"Brakes"}, "commit"=>"Create Part"}
  [1m[35m (0.1ms)[0m  [1m[36mbegin transaction[0m
  ↳ app/controllers/parts_controller.rb:30
  [1m[36mPart Create (1.0ms)[0m  [1m[32mINSERT INTO "parts" ("name", "created_at", "updated_at") VALUES (?, ?, ?)[0m  [["name", "Brakes"], ["created_at", "2019-11-26 23:38:53.646243"], ["updated_at", "2019-11-26 23:38:53.646243"]]
  ↳ app/controllers/parts_controller.rb:30
  [1m[35m (9.7ms)[0m  [1m[36mcommit transaction[0m
  ↳ app/controllers/parts_controller.rb:30
Redirected to http://localhost:3000/parts/1
Completed 302 Found in 19ms (ActiveRecord: 10.8ms)


Started GET "/parts/1" for 127.0.0.1 at 2019-11-26 16:38:53 -0700
Processing by PartsController#show as HTML
  Parameters: {"id"=>"1"}
  [1m[36mPart Load (0.3ms)[0m  [1m[34mSELECT  "parts".* FROM "parts" WHERE "parts"."id" = ? LIMIT ?[0m  [["id", 1], ["LIMIT", 1]]
  ↳ app/controllers/parts_controller.rb:67
  Rendering parts/show.html.erb within layouts/application
  Rendered parts/show.html.erb within layouts/application (0.6ms)
Completed 200 OK in 152ms (Views: 127.3ms | ActiveRecord: 0.3ms)


Started GET "/cars" for 127.0.0.1 at 2019-11-26 16:38:57 -0700
Processing by CarsController#index as HTML
  Rendering cars/index.html.erb within layouts/application
  [1m[36mCar Load (0.3ms)[0m  [1m[34mSELECT "cars".* FROM "cars"[0m
  ↳ app/views/cars/index.html.erb:16
  Rendered cars/index.html.erb within layouts/application (3.0ms)
Completed 200 OK in 135ms (Views: 113.7ms | ActiveRecord: 0.3ms)


Started GET "/cars/new" for 127.0.0.1 at 2019-11-26 16:38:58 -0700
Processing by CarsController#new as HTML
  Rendering cars/new.html.erb within layouts/application
  Rendered cars/_form.html.erb (1.8ms)
  Rendered cars/new.html.erb within layouts/application (17.5ms)
Completed 200 OK in 122ms (Views: 101.4ms | ActiveRecord: 0.0ms)


Started POST "/cars" for 127.0.0.1 at 2019-11-26 16:39:09 -0700
Processing by CarsController#create as HTML
  Parameters: {"utf8"=>"✓", "authenticity_token"=>"ucOTPkEOMcYhEfDQavRedW6PgfxiM/V/qLKgbqUAc+7H/zB+o7VEwG13qK9O9NMxFt/pg5jNkOyNYX7tfhZANw==", "car"=>{"makes"=>"Honda", "model"=>"Civic", "VIN"=>"12345"}, "commit"=>"Create Car"}
  [1m[35m (0.2ms)[0m  [1m[36mbegin transaction[0m
  ↳ app/controllers/cars_controller.rb:32
  [1m[35m (0.1ms)[0m  [1m[31mrollback transaction[0m
  ↳ app/controllers/cars_controller.rb:32
  Rendering cars/new.html.erb within layouts/application
  Rendered cars/_form.html.erb (2.6ms)
  Rendered cars/new.html.erb within layouts/application (24.8ms)
Completed 200 OK in 185ms (Views: 171.1ms | ActiveRecord: 0.3ms)


Started GET "/" for 127.0.0.1 at 2019-11-27 14:59:21 -0700
  [1m[35m (0.2ms)[0m  [1m[34mSELECT "schema_migrations"."version" FROM "schema_migrations" ORDER BY "schema_migrations"."version" ASC[0m
  ↳ C:/Ruby24-x64/lib/ruby/gems/2.4.0/gems/activerecord-5.2.3/lib/active_record/log_subscriber.rb:98
Processing by CarsController#index as HTML
  Rendering cars/index.html.erb within layouts/application
  [1m[36mCar Load (0.3ms)[0m  [1m[34mSELECT "cars".* FROM "cars"[0m
  ↳ app/views/cars/index.html.erb:16
  Rendered cars/index.html.erb within layouts/application (11.7ms)
Completed 200 OK in 511ms (Views: 434.5ms | ActiveRecord: 0.7ms)


Started GET "/cars/new" for 127.0.0.1 at 2019-11-27 14:59:25 -0700
Processing by CarsController#new as HTML
  Rendering cars/new.html.erb within layouts/application
  Rendered cars/_form.html.erb (89.1ms)
  Rendered cars/new.html.erb within layouts/application (108.1ms)
Completed 200 OK in 249ms (Views: 221.8ms | ActiveRecord: 1.2ms)


Started POST "/cars" for 127.0.0.1 at 2019-11-27 14:59:35 -0700
Processing by CarsController#create as HTML
  Parameters: {"utf8"=>"✓", "authenticity_token"=>"k17jvVG92suWAsxp4oscz7r2PXd8+f0u9yKBBjqe/WsrSAFH1So7ZGn/p/72fuJeKWrfKRAVLP83pBIcWOk5Yw==", "car"=>{"makes"=>"Honda", "model"=>"Civic", "VIN"=>"12345"}, "commit"=>"Create Car"}
  [1m[35m (0.0ms)[0m  [1m[36mbegin transaction[0m
  ↳ app/controllers/cars_controller.rb:36
  [1m[35m (0.1ms)[0m  [1m[31mrollback transaction[0m
  ↳ app/controllers/cars_controller.rb:36
  Rendering cars/new.html.erb within layouts/application
  Rendered cars/_form.html.erb (2.5ms)
  Rendered cars/new.html.erb within layouts/application (24.6ms)
Completed 200 OK in 168ms (Views: 121.7ms | ActiveRecord: 0.1ms)


Started GET "/" for ::1 at 2019-11-27 15:00:56 -0700
Processing by CarsController#index as HTML
  Rendering cars/index.html.erb within layouts/application
  [1m[36mCar Load (0.2ms)[0m  [1m[34mSELECT "cars".* FROM "cars"[0m
  ↳ app/views/cars/index.html.erb:16
  Rendered cars/index.html.erb within layouts/application (4.3ms)
Completed 200 OK in 109ms (Views: 93.2ms | ActiveRecord: 0.2ms)


Started POST "/cars" for 127.0.0.1 at 2019-11-27 15:03:02 -0700
Processing by CarsController#create as HTML
  Parameters: {"utf8"=>"✓", "authenticity_token"=>"JfB3wkX7FS09btpv55M7nAozoWYb1A08ZnQas0dwmQz1PzPz0YrjcrEZ9qlDa40GCo02v8FnOa0k7iREELpzpw==", "car"=>{"makes"=>"Honda", "model"=>"Civic", "VIN"=>"12345"}, "commit"=>"Create Car"}
  [1m[35m (0.1ms)[0m  [1m[36mbegin transaction[0m
  ↳ app/controllers/cars_controller.rb:36
  [1m[35m (0.1ms)[0m  [1m[31mrollback transaction[0m
  ↳ app/controllers/cars_controller.rb:36
  Rendering cars/new.html.erb within layouts/application
  Rendered cars/_form.html.erb (3.6ms)
  Rendered cars/new.html.erb within layouts/application (21.5ms)
Completed 200 OK in 151ms (Views: 126.5ms | ActiveRecord: 1.3ms)


Started GET "/cars" for 127.0.0.1 at 2019-11-27 15:03:55 -0700
Processing by CarsController#index as HTML
  Rendering cars/index.html.erb within layouts/application
  [1m[36mCar Load (0.2ms)[0m  [1m[34mSELECT "cars".* FROM "cars"[0m
  ↳ app/views/cars/index.html.erb:16
  Rendered cars/index.html.erb within layouts/application (4.0ms)
Completed 200 OK in 102ms (Views: 83.4ms | ActiveRecord: 0.2ms)


Started GET "/makes" for 127.0.0.1 at 2019-11-27 15:04:01 -0700
Processing by MakesController#index as HTML
  Rendering makes/index.html.erb within layouts/application
  [1m[36mMake Load (0.3ms)[0m  [1m[34mSELECT "makes".* FROM "makes"[0m
  ↳ app/views/makes/index.html.erb:15
  Rendered makes/index.html.erb within layouts/application (16.8ms)
Completed 200 OK in 135ms (Views: 114.2ms | ActiveRecord: 0.9ms)


Started GET "/makes/new" for 127.0.0.1 at 2019-11-27 15:04:04 -0700
Processing by MakesController#new as HTML
  Rendering makes/new.html.erb within layouts/application
  Rendered makes/_form.html.erb (1.7ms)
  Rendered makes/new.html.erb within layouts/application (47.4ms)
Completed 200 OK in 169ms (Views: 149.6ms | ActiveRecord: 0.0ms)


Started POST "/makes" for 127.0.0.1 at 2019-11-27 15:04:14 -0700
Processing by MakesController#create as HTML
  Parameters: {"utf8"=>"✓", "authenticity_token"=>"4PNH3WMxsrUrns8syP4TnZzvyyxQAa8vudjF3YVFvPEzXU7SdeurpaLQPrYujVRw1JwVoVJV34cPZFsd8v0oKg==", "make"=>{"name"=>"Ford", "country"=>"United States"}, "commit"=>"Create Make"}
  [1m[35m (0.0ms)[0m  [1m[36mbegin transaction[0m
  ↳ app/controllers/makes_controller.rb:30
  [1m[36mMake Create (1.8ms)[0m  [1m[32mINSERT INTO "makes" ("name", "country", "created_at", "updated_at") VALUES (?, ?, ?, ?)[0m  [["name", "Ford"], ["country", "United States"], ["created_at", "2019-11-27 22:04:14.159737"], ["updated_at", "2019-11-27 22:04:14.159737"]]
  ↳ app/controllers/makes_controller.rb:30
  [1m[35m (13.7ms)[0m  [1m[36mcommit transaction[0m
  ↳ app/controllers/makes_controller.rb:30
Redirected to http://localhost:3000/makes/2
Completed 302 Found in 32ms (ActiveRecord: 15.5ms)


Started GET "/makes/2" for 127.0.0.1 at 2019-11-27 15:04:14 -0700
Processing by MakesController#show as HTML
  Parameters: {"id"=>"2"}
  [1m[36mMake Load (0.2ms)[0m  [1m[34mSELECT  "makes".* FROM "makes" WHERE "makes"."id" = ? LIMIT ?[0m  [["id", 2], ["LIMIT", 1]]
  ↳ app/controllers/makes_controller.rb:67
  Rendering makes/show.html.erb within layouts/application
  Rendered makes/show.html.erb within layouts/application (1.9ms)
Completed 200 OK in 157ms (Views: 120.7ms | ActiveRecord: 0.2ms)


Started GET "/cars" for 127.0.0.1 at 2019-11-27 15:04:24 -0700
Processing by CarsController#index as HTML
  Rendering cars/index.html.erb within layouts/application
  [1m[36mCar Load (0.3ms)[0m  [1m[34mSELECT "cars".* FROM "cars"[0m
  ↳ app/views/cars/index.html.erb:16
  Rendered cars/index.html.erb within layouts/application (7.4ms)
Completed 200 OK in 152ms (Views: 132.5ms | ActiveRecord: 0.3ms)


Started GET "/cars/new" for 127.0.0.1 at 2019-11-27 15:04:26 -0700
Processing by CarsController#new as HTML
  Rendering cars/new.html.erb within layouts/application
  Rendered cars/_form.html.erb (1.8ms)
  Rendered cars/new.html.erb within layouts/application (17.5ms)
Completed 200 OK in 117ms (Views: 97.9ms | ActiveRecord: 0.0ms)


Started POST "/cars" for 127.0.0.1 at 2019-11-27 15:04:36 -0700
Processing by CarsController#create as HTML
  Parameters: {"utf8"=>"✓", "authenticity_token"=>"ZuSHqJvgF/jOU2YMEz46j4bLel0dvzZvWX/Yt/sMbbze8mVSH3f2VzGuDZsHy8QeFVeYA3FT576Z+UutmXuptA==", "car"=>{"makes"=>"Ford", "model"=>"Explorer", "VIN"=>"12222"}, "commit"=>"Create Car"}
  [1m[35m (0.1ms)[0m  [1m[36mbegin transaction[0m
  ↳ app/controllers/cars_controller.rb:36
  [1m[35m (0.0ms)[0m  [1m[31mrollback transaction[0m
  ↳ app/controllers/cars_controller.rb:36
  Rendering cars/new.html.erb within layouts/application
  Rendered cars/_form.html.erb (4.2ms)
  Rendered cars/new.html.erb within layouts/application (22.7ms)
Completed 200 OK in 137ms (Views: 127.0ms | ActiveRecord: 0.1ms)


Started GET "/cars" for ::1 at 2019-11-27 16:21:24 -0700
  [1m[35m (0.2ms)[0m  [1m[34mSELECT "schema_migrations"."version" FROM "schema_migrations" ORDER BY "schema_migrations"."version" ASC[0m
  ↳ C:/Ruby24-x64/lib/ruby/gems/2.4.0/gems/activerecord-5.2.3/lib/active_record/log_subscriber.rb:98
  
ActionController::RoutingError (undefined method `autocomplete' for CarsController:Class):
  
app/controllers/cars_controller.rb:2:in `<class:CarsController>'
app/controllers/cars_controller.rb:1:in `<top (required)>'
Started GET "/cars" for ::1 at 2019-11-27 16:24:20 -0700
  
ActionController::RoutingError (undefined method `autocomplete' for CarsController:Class):
  
app/controllers/cars_controller.rb:2:in `<class:CarsController>'
app/controllers/cars_controller.rb:1:in `<top (required)>'
Started GET "/cars/new" for ::1 at 2019-11-27 16:24:26 -0700
  
ActionController::RoutingError (undefined method `autocomplete' for CarsController:Class):
  
app/controllers/cars_controller.rb:2:in `<class:CarsController>'
app/controllers/cars_controller.rb:1:in `<top (required)>'
Started GET "/" for ::1 at 2019-11-29 16:13:20 -0700
  [1m[35m (0.8ms)[0m  [1m[34mSELECT "schema_migrations"."version" FROM "schema_migrations" ORDER BY "schema_migrations"."version" ASC[0m
  ↳ C:/Ruby24-x64/lib/ruby/gems/2.4.0/gems/activerecord-5.2.3/lib/active_record/log_subscriber.rb:98
  
ActionController::RoutingError (undefined method `autocomplete' for CarsController:Class):
  
app/controllers/cars_controller.rb:2:in `<class:CarsController>'
app/controllers/cars_controller.rb:1:in `<top (required)>'
Started GET "/" for ::1 at 2019-11-29 16:15:12 -0700
  
ActionController::RoutingError (undefined method `autocomplete' for CarsController:Class):
  
app/controllers/cars_controller.rb:2:in `<class:CarsController>'
app/controllers/cars_controller.rb:1:in `<top (required)>'
Started GET "/" for ::1 at 2019-11-29 16:16:23 -0700
  
ActionController::RoutingError (undefined method `autocomplete' for CarsController:Class):
  
app/controllers/cars_controller.rb:2:in `<class:CarsController>'
app/controllers/cars_controller.rb:1:in `<top (required)>'
Started GET "/" for ::1 at 2019-11-29 16:25:12 -0700
  
ActionController::RoutingError (undefined method `autocomplete' for CarsController:Class):
  
app/controllers/cars_controller.rb:2:in `<class:CarsController>'
app/controllers/cars_controller.rb:1:in `<top (required)>'
